<?xml version="1.0" encoding="UTF-8" ?>
<testsuite tests="5" failures="0" name="hellocucumber.RunCucumberTest" time="0.18" errors="0" skipped="2">
  <properties>
[...]
</properties>
  <testcase classname="Guess the word" name="Maker starts a game" time="0.139">
    <skipped/>
    <system-out>Feature: Guess the word
  Guess the word

  Scenario: Maker starts a game                &amp;#27;[90m# hellocucumber/guess_the_word.feature:4&amp;#27;[0m
    &amp;#27;[33mWhen &amp;#27;[0m&amp;#27;[33mthe Maker starts a game&amp;#27;[0m               &amp;#27;[90m# Stepdefs.the_Maker_starts_a_game()&amp;#27;[0m
      &amp;#27;[33mcucumber.api.PendingException: TODO: implement me
	at hellocucumber.Stepdefs.the_Maker_starts_a_game(Stepdefs.java:45)
	at ?.the Maker starts a game(hellocucumber/guess_the_word.feature:5)
&amp;#27;[0m
    &amp;#27;[36mThen &amp;#27;[0m&amp;#27;[36mthe Maker waits for a Breaker to join&amp;#27;[0m &amp;#27;[90m# Stepdefs.the_Maker_waits_for_a_Breaker_to_join()&amp;#27;[0m
</system-out>
  </testcase>
  <testcase classname="Guess the word" name="Breaker joins a game" time="0.012">
    <skipped/>
    <system-out>
  Scenario: Breaker joins a game                             &amp;#27;[90m# hellocucumber/guess_the_word.feature:8&amp;#27;[0m
    &amp;#27;[32mGiven &amp;#27;[0m&amp;#27;[32mthe Maker has started a game with the word &quot;&amp;#27;[0m&amp;#27;[32m&amp;#27;[1msilky&amp;#27;[0m&amp;#27;[32m&quot;&amp;#27;[0m &amp;#27;[90m# Stepdefs.the_Maker_has_started_a_game_with_the_word(String)&amp;#27;[0m
    &amp;#27;[33mWhen &amp;#27;[0m&amp;#27;[33mthe Breaker joins the Maker&apos;s game&amp;#27;[0m                  &amp;#27;[90m# Stepdefs.the_Breaker_joins_the_Maker_s_game()&amp;#27;[0m
      &amp;#27;[33mcucumber.api.PendingException: TODO: implement me
	at hellocucumber.Stepdefs.the_Breaker_joins_the_Maker_s_game(Stepdefs.java:60)
	at ?.the Breaker joins the Maker&apos;s game(hellocucumber/guess_the_word.feature:10)
&amp;#27;[0m
    &amp;#27;[36mThen &amp;#27;[0m&amp;#27;[36mthe Breaker must guess a word with &amp;#27;[0m&amp;#27;[36m&amp;#27;[1m5&amp;#27;[0m&amp;#27;[36m characters&amp;#27;[0m     &amp;#27;[90m# Stepdefs.the_Breaker_must_guess_a_word_with_characters(int)&amp;#27;[0m
</system-out>
  </testcase>
  <testcase classname="Is it Friday yet?" name="Today is or is not Friday" time="0.012"/>
  <testcase classname="Is it Friday yet?" name="Today is or is not Friday" time="0.003"/>
  <testcase classname="Is it Friday yet?" name="Today is or is not Friday" time="0.014"/>
</testsuite>